<?xml version="1.0" encoding="UTF-8"?>
<testsuite xmlns:xsi="http://www.w3.org/2001/XMLSchema-instance" xsi:noNamespaceSchemaLocation="https://maven.apache.org/surefire/maven-surefire-plugin/xsd/surefire-test-report-3.0.xsd" version="3.0" name="TestSuite" time="12.698" tests="1" errors="0" skipped="0" failures="0">
  <properties>
[...]
</properties>
  <testcase name="Validate_LoginApplication" classname="tests.LoginTest" time="8.151">
    <system-out><![CDATA[&amp#27;[33m2022-01-09 11:47:26,948&amp#27;[0;39m [main] &amp#27;[34mINFO &amp#27;[0;39m &amp#27;[36mio.github.bonigarcia.wdm.WebDriverManager&amp#27;[0;39m &amp#27;[32mUsing chromedriver 97.0.4692.71 (resolved driver for Chrome 97)&amp#27;[0;39m 
&amp#27;[33m2022-01-09 11:47:26,962&amp#27;[0;39m [main] &amp#27;[34mINFO &amp#27;[0;39m &amp#27;[36mio.github.bonigarcia.wdm.WebDriverManager&amp#27;[0;39m &amp#27;[32mReading https://chromedriver.storage.googleapis.com/ to seek chromedriver&amp#27;[0;39m 
&amp#27;[33m2022-01-09 11:47:27,540&amp#27;[0;39m [main] &amp#27;[34mINFO &amp#27;[0;39m &amp#27;[36mio.github.bonigarcia.wdm.online.Downloader&amp#27;[0;39m &amp#27;[32mDownloading https://chromedriver.storage.googleapis.com/97.0.4692.71/chromedriver_win32.zip&amp#27;[0;39m 
&amp#27;[33m2022-01-09 11:47:27,798&amp#27;[0;39m [main] &amp#27;[34mINFO &amp#27;[0;39m &amp#27;[36mio.github.bonigarcia.wdm.online.Downloader&amp#27;[0;39m &amp#27;[32mExtracting driver from compressed file chromedriver_win32.zip&amp#27;[0;39m 
&amp#27;[33m2022-01-09 11:47:27,875&amp#27;[0;39m [main] &amp#27;[34mINFO &amp#27;[0;39m &amp#27;[36mio.github.bonigarcia.wdm.WebDriverManager&amp#27;[0;39m &amp#27;[32mExporting webdriver.chrome.driver as C:\Users\USER\.cache\selenium\chromedriver\win32\97.0.4692.71\chromedriver.exe&amp#27;[0;39m 
&amp#27;[33m2022-01-09 11:47:32,737&amp#27;[0;39m [main] &amp#27;[34mINFO &amp#27;[0;39m &amp#27;[36mValidate_LoginApplication&amp#27;[0;39m &amp#27;[32madmin@yourstore.com :username is successfully entered&amp#27;[0;39m 
&amp#27;[33m2022-01-09 11:47:32,799&amp#27;[0;39m [main] &amp#27;[34mINFO &amp#27;[0;39m &amp#27;[36mValidate_LoginApplication&amp#27;[0;39m &amp#27;[32madmin :password is successfully entered&amp#27;[0;39m 
&amp#27;[33m2022-01-09 11:47:37,936&amp#27;[0;39m [main] &amp#27;[34mINFO &amp#27;[0;39m &amp#27;[36mValidate_LoginApplication&amp#27;[0;39m &amp#27;[32mLogin button is clicked&amp#27;[0;39m 
&amp#27;[33m2022-01-09 11:47:37,961&amp#27;[0;39m [main] &amp#27;[34mINFO &amp#27;[0;39m &amp#27;[36mValidate_LoginApplication&amp#27;[0;39m &amp#27;[32mLogin is Successfull&amp#27;[0;39m 
]]></system-out>
    <system-err><![CDATA[Starting ChromeDriver 97.0.4692.71 (adefa7837d02a07a604c1e6eff0b3a09422ab88d-refs/branch-heads/4692@{#1247}) on port 58963
Only local connections are allowed.
Please see https://chromedriver.chromium.org/security-considerations for suggestions on keeping ChromeDriver safe.
ChromeDriver was started successfully.
Jan 09, 2022 11:47:29 AM org.openqa.selenium.remote.ProtocolHandshake createSession
INFO: Detected dialect: W3C
Jan 09, 2022 11:47:29 AM org.openqa.selenium.devtools.CdpVersionFinder findNearestMatch
WARNING: Unable to find an exact match for CDP version 97, so returning the closest version found: 96
Jan 09, 2022 11:47:29 AM org.openqa.selenium.devtools.CdpVersionFinder findNearestMatch
INFO: Found CDP implementation for version 97 of 96
]]></system-err>
  </testcase>
</testsuite>