<?xml version="1.0" encoding="UTF-8"?>
<testng-results ignored="0" total="1" passed="1" failed="0" skipped="0">
  <reporter-output>
  </reporter-output>
  <suite started-at="2021-12-22T19:33:24 IST" name="Suite" finished-at="2021-12-22T19:33:32 IST" duration-ms="8688">
    <groups>
    </groups>
    <test started-at="2021-12-22T19:33:24 IST" name="Test" finished-at="2021-12-22T19:33:32 IST" duration-ms="8688">
      <class name="tests.LoginTest">
        <test-method is-config="true" signature="Initialization()[pri:0, instance:tests.LoginTest@2805d709]" started-at="2021-12-22T19:33:24 IST" name="Initialization" finished-at="2021-12-22T19:33:25 IST" duration-ms="1384" status="PASS">
          <reporter-output>
          </reporter-output>
        </test-method> <!-- Initialization -->
        <test-method signature="LoginApplication()[pri:0, instance:tests.LoginTest@2805d709]" started-at="2021-12-22T19:33:25 IST" name="LoginApplication" finished-at="2021-12-22T19:33:32 IST" duration-ms="7160" status="PASS">
          <reporter-output>
          </reporter-output>
        </test-method> <!-- LoginApplication -->
        <test-method is-config="true" signature="Termination()[pri:0, instance:tests.LoginTest@2805d709]" started-at="2021-12-22T19:33:32 IST" name="Termination" finished-at="2021-12-22T19:33:32 IST" duration-ms="122" status="PASS">
          <reporter-output>
          </reporter-output>
        </test-method> <!-- Termination -->
      </class> <!-- tests.LoginTest -->
    </test> <!-- Test -->
  </suite> <!-- Suite -->
</testng-results>
